<?xml version="1.0" encoding="UTF-8"?>
<!-- Generated by org.testng.reporters.JUnitReportReporter -->
<testsuite hostname="DESKTOP-OSKMDJ7" failures="0" tests="3" name="AutoBots.BuildFramwork.LoginPageValidation" time="12.512" errors="0" timestamp="2024-05-31T12:17:43 IST" skipped="0">
  <testcase classname="AutoBots.BuildFramwork.LoginPageValidation" name="ValidationsOfLoginPageUrl" time="5.665"/>
  <system-out/>
  <testcase classname="AutoBots.BuildFramwork.LoginPageValidation" name="ValidationOfSiginButtonText" time="2.243"/>
  <system-out/>
  <testcase classname="AutoBots.BuildFramwork.LoginPageValidation" name="ValidCredentials" time="4.604"/>
  <system-out/>
</testsuite> <!-- AutoBots.BuildFramwork.LoginPageValidation -->
