<?xml version="1.0" encoding="UTF-8"?>
<!-- Generated by org.testng.reporters.JUnitReportReporter -->
<testsuite hostname="DESKTOP-OSKMDJ7" failures="0" tests="2" name="AutoBots.Resourses.BaseClass" time="3.046" errors="0" timestamp="2024-05-03T12:54:44 IST" skipped="0">
  <testcase classname="AutoBots.Resourses.BaseClass" name="tierdown" time="0.196"/>
  <testcase classname="AutoBots.Resourses.BaseClass" name="getlogin" time="2.850"/>
</testsuite> <!-- AutoBots.Resourses.BaseClass -->
