<?xml version="1.0" encoding="UTF-8"?>
<!-- Generated by org.testng.reporters.JUnitReportReporter -->
<testsuite hostname="DESKTOP-OSKMDJ7" failures="0" tests="1" name="AutoBots.DataDriven.DataDriven" time="1.027" errors="0" timestamp="2024-05-14T11:58:00 IST" skipped="0">
  <testcase classname="AutoBots.DataDriven.DataDriven" name="Getdata" time="1.027"/>
  <system-out/>
</testsuite> <!-- AutoBots.DataDriven.DataDriven -->
