<?xml version="1.0" encoding="UTF-8"?>
<!-- Generated by org.testng.reporters.JUnitReportReporter -->
<testsuite hostname="DESKTOP-OSKMDJ7" failures="0" tests="5" name="AutoBots.BuildFramwork.ChcekOutPageValidatio" time="41.150" errors="0" timestamp="2024-05-31T12:17:43 IST" skipped="0">
  <testcase classname="AutoBots.BuildFramwork.ChcekOutPageValidatio" name="ValidationOfSelectedItems" time="9.102"/>
  <system-out/>
  <testcase classname="AutoBots.BuildFramwork.ChcekOutPageValidatio" name="ValidationOfSuccesfullyPlacedText" time="9.336"/>
  <system-out/>
  <testcase classname="AutoBots.BuildFramwork.ChcekOutPageValidatio" name="PlaceOrderButton" time="9.482"/>
  <system-out/>
  <testcase classname="AutoBots.BuildFramwork.ChcekOutPageValidatio" name="FlowOfCheckoutPage" time="4.273"/>
  <system-out/>
  <testcase classname="AutoBots.BuildFramwork.ChcekOutPageValidatio" name="ValidationOfApplyPromoCode" time="8.957"/>
  <system-out/>
</testsuite> <!-- AutoBots.BuildFramwork.ChcekOutPageValidatio -->
