<?xml version="1.0" encoding="UTF-8"?>
<!-- Generated by org.testng.reporters.JUnitReportReporter -->
<testsuite hostname="DESKTOP-OSKMDJ7" failures="0" tests="3" name="AutoBots.BuildFramwork.HomePageValidation" time="10.772" errors="0" timestamp="2024-05-31T12:17:43 IST" skipped="0">
  <testcase classname="AutoBots.BuildFramwork.HomePageValidation" name="ValidationOfHomeButtonsText" time="3.606"/>
  <system-out/>
  <testcase classname="AutoBots.BuildFramwork.HomePageValidation" name="ValidationOfHomePageLogo" time="3.461"/>
  <system-out/>
  <testcase classname="AutoBots.BuildFramwork.HomePageValidation" name="ValidationOfGreenKartTextAndButton" time="3.705"/>
  <system-out/>
</testsuite> <!-- AutoBots.BuildFramwork.HomePageValidation -->
