<?xml version="1.0" encoding="UTF-8"?>
<!-- Generated by org.testng.reporters.JUnitReportReporter -->
<testsuite hostname="DESKTOP-OSKMDJ7" failures="0" tests="5" name="AutoBots.BuildFramwork.ValidationTest" time="12.532" errors="0" timestamp="2024-05-20T12:11:20 IST" skipped="0">
  <testcase classname="AutoBots.BuildFramwork.ValidationTest" name="ValidationOfHeaderText2" time="2.494"/>
  <system-out/>
  <testcase classname="AutoBots.BuildFramwork.ValidationTest" name="ValidationOfCheckBoxText2" time="2.700"/>
  <system-out/>
  <testcase classname="AutoBots.BuildFramwork.ValidationTest" name="ValidationOfCheckBoxText1" time="2.527"/>
  <system-out/>
  <testcase classname="AutoBots.BuildFramwork.ValidationTest" name="ValidationOfForgotPasswordText" time="2.402"/>
  <system-out/>
  <testcase classname="AutoBots.BuildFramwork.ValidationTest" name="ValidationOfHeaderText1" time="2.409"/>
  <system-out/>
</testsuite> <!-- AutoBots.BuildFramwork.ValidationTest -->
