<?xml version="1.0" encoding="UTF-8"?>
<!-- Generated by org.testng.reporters.JUnitReportReporter -->
<testsuite hostname="DESKTOP-OSKMDJ7" failures="0" tests="5" name="AutoBots.BuildFramwork.ItemsPageValidation" time="28.597" errors="0" timestamp="2024-05-31T12:17:43 IST" skipped="0">
  <testcase classname="AutoBots.BuildFramwork.ItemsPageValidation" name="ValidationOfTitleGreen" time="3.456"/>
  <system-out/>
  <testcase classname="AutoBots.BuildFramwork.ItemsPageValidation" name="ValidationOfTitleKart" time="4.019"/>
  <system-out/>
  <testcase classname="AutoBots.BuildFramwork.ItemsPageValidation" name="ValidationofSearchBox" time="3.606"/>
  <system-out/>
  <testcase classname="AutoBots.BuildFramwork.ItemsPageValidation" name="ValidationOfItemsPageLogo" time="3.952"/>
  <system-out/>
  <testcase classname="AutoBots.BuildFramwork.ItemsPageValidation" name="FlowOfItemsPage" time="13.564"/>
  <system-out/>
</testsuite> <!-- AutoBots.BuildFramwork.ItemsPageValidation -->
